#
# There is insufficient memory for the Java Runtime Environment to continue.
# Native memory allocation (mmap) failed to map 266338304 bytes for Failed to commit area from 0x0000000702e00000 to 0x0000000712c00000 of length 266338304.
# Possible reasons:
#   The system is out of physical RAM or swap space
#   The process is running with CompressedOops enabled, and the Java Heap may be blocking the growth of the native heap
# Possible solutions:
#   Reduce memory load on the system
#   Increase physical memory or swap space
#   Check if swap backing store is full
#   Decrease Java heap size (-Xmx/-Xms)
#   Decrease number of Java threads
#   Decrease Java thread stack sizes (-Xss)
#   Set larger code cache with -XX:ReservedCodeCacheSize=
# This output file may be truncated or incomplete.
#
#  Out of Memory Error (./open/src/hotspot/os/windows/os_windows.cpp:3273), pid=3248, tid=76028
#
# JRE version:  (11.0.11+9) (build )
# Java VM: Java HotSpot(TM) 64-Bit Server VM (11.0.11+9-LTS-194, mixed mode, sharing, tiered, compressed oops, g1 gc, windows-amd64)
# No core dump will be written. Minidumps are not enabled by default on client versions of Windows
#

---------------  S U M M A R Y ------------

Command Line: -Dfile.encoding=windows-1252 -Dstdout.encoding=windows-1252 -Dstderr.encoding=windows-1252 com.selenium.demo.SeleniumMethodsDemo4

Host: Intel(R) Core(TM) i5-8365U CPU @ 1.60GHz, 8 cores, 15G,  Windows 10 , 64 bit Build 19041 (10.0.19041.3570)
Time: Sat Dec  2 20:43:37 2023 India Standard Time elapsed time: 0.032417 seconds (0d 0h 0m 0s)

---------------  T H R E A D  ---------------

Current thread (0x00000291e5221800):  JavaThread "Unknown thread" [_thread_in_vm, id=76028, stack(0x000000e3da500000,0x000000e3da600000)]

Stack: [0x000000e3da500000,0x000000e3da600000]
Native frames: (J=compiled Java code, j=interpreted, Vv=VM code, C=native code)
V  [jvm.dll+0x616f2a]
V  [jvm.dll+0x74de7f]
V  [jvm.dll+0x74f505]
V  [jvm.dll+0x74fb83]
V  [jvm.dll+0x2436d8]
V  [jvm.dll+0x61431a]
V  [jvm.dll+0x6090f5]
V  [jvm.dll+0x2f7eec]
V  [jvm.dll+0x2f7d72]
V  [jvm.dll+0x2fca26]
V  [jvm.dll+0x33efef]
V  [jvm.dll+0x33ea20]
V  [jvm.dll+0x2d5608]
V  [jvm.dll+0x2d6766]
V  [jvm.dll+0x7299e7]
V  [jvm.dll+0x72b28f]
V  [jvm.dll+0x34bd39]
V  [jvm.dll+0x70f360]
V  [jvm.dll+0x3b50df]
V  [jvm.dll+0x3b71e1]
C  [jli.dll+0x520b]
C  [ucrtbase.dll+0x21bb2]
C  [KERNEL32.DLL+0x17344]
C  [ntdll.dll+0x526b1]


---------------  P R O C E S S  ---------------

Threads class SMR info:
_java_thread_list=0x00000291e311e020, length=0, elements={
}

Java Threads: ( => current thread )

Other Threads:
  0x00000291e523a800 GCTaskThread "GC Thread#0" [stack: 0x000000e3da600000,0x000000e3da700000] [id=67960]
  0x00000291e5296800 ConcurrentGCThread "G1 Main Marker" [stack: 0x000000e3da700000,0x000000e3da800000] [id=29028]
  0x00000291e5298800 ConcurrentGCThread "G1 Conc#0" [stack: 0x000000e3da800000,0x000000e3da900000] [id=28420]

[error occurred during error reporting (printing all threads), id 0xc0000005, EXCEPTION_ACCESS_VIOLATION (0xc0000005) at pc=0x00007ffafe524857]

VM state:not at safepoint (not fully initialized)

VM Mutex/Monitor currently owned by a thread:  ([mutex/lock_event])
[0x00000291e521e050] Heap_lock - owner thread: 0x00000291e5221800

Heap address: 0x0000000702e00000, size: 4050 MB, Compressed Oops mode: Non-zero based: 0x0000000702e00000
Narrow klass base: 0x0000000000000000, Narrow klass shift: 0

GC Heap History (0 events):
No events

Deoptimization events (0 events):
No events

Classes redefined (0 events):
No events

Internal exceptions (0 events):
No events

Events (0 events):
No events


Dynamic libraries:
0x00007ff7c3fd0000 - 0x00007ff7c3fdf000 	C:\Program Files\Java\jdk-11.0.11\bin\javaw.exe
0x00007ffb77d30000 - 0x00007ffb77f27000 	C:\WINDOWS\SYSTEM32\ntdll.dll
0x00007ffb77c30000 - 0x00007ffb77ced000 	C:\WINDOWS\System32\KERNEL32.DLL
0x00007ffb75a90000 - 0x00007ffb75d86000 	C:\WINDOWS\System32\KERNELBASE.dll
0x00007ffb75410000 - 0x00007ffb75510000 	C:\WINDOWS\System32\ucrtbase.dll
0x00007ffb4ae90000 - 0x00007ffb4aea8000 	C:\Program Files\Java\jdk-11.0.11\bin\jli.dll
0x00007ffb4aef0000 - 0x00007ffb4af05000 	C:\Program Files\Java\jdk-11.0.11\bin\VCRUNTIME140.dll
0x00007ffb76980000 - 0x00007ffb76a2e000 	C:\WINDOWS\System32\ADVAPI32.dll
0x00007ffb768d0000 - 0x00007ffb7696e000 	C:\WINDOWS\System32\msvcrt.dll
0x00007ffb76020000 - 0x00007ffb760bc000 	C:\WINDOWS\System32\sechost.dll
0x00007ffb76fb0000 - 0x00007ffb770d6000 	C:\WINDOWS\System32\RPCRT4.dll
0x00007ffb77a90000 - 0x00007ffb77c2e000 	C:\WINDOWS\System32\USER32.dll
0x00007ffb75630000 - 0x00007ffb75652000 	C:\WINDOWS\System32\win32u.dll
0x00007ffb434d0000 - 0x00007ffb4376a000 	C:\WINDOWS\WinSxS\amd64_microsoft.windows.common-controls_6595b64144ccf1df_6.0.19041.3570_none_60bb2a3971f3e41a\COMCTL32.dll
0x00007ffb770e0000 - 0x00007ffb7710c000 	C:\WINDOWS\System32\GDI32.dll
0x00007ffb75510000 - 0x00007ffb7562a000 	C:\WINDOWS\System32\gdi32full.dll
0x00007ffb759f0000 - 0x00007ffb75a8d000 	C:\WINDOWS\System32\msvcp_win.dll
0x00007ffb6eb20000 - 0x00007ffb6eb2a000 	C:\WINDOWS\SYSTEM32\VERSION.dll
0x00007ffb75fe0000 - 0x00007ffb76010000 	C:\WINDOWS\System32\IMM32.DLL
0x00000000558a0000 - 0x00000000558ac000 	C:\Program Files (x86)\360\Total Security\safemon\SafeWrapper.dll
0x00007ffb37390000 - 0x00007ffb37422000 	C:\Program Files (x86)\360\Total Security\safemon\libzdtp64.dll
0x00007ffb760c0000 - 0x00007ffb76804000 	C:\WINDOWS\System32\SHELL32.dll
0x00007ffb76a30000 - 0x00007ffb76a85000 	C:\WINDOWS\System32\SHLWAPI.dll
0x00007ffb401f0000 - 0x00007ffb4028b000 	C:\Program Files\Java\jdk-11.0.11\bin\msvcp140.dll
0x00007ffafe240000 - 0x00007ffafed3e000 	C:\Program Files\Java\jdk-11.0.11\bin\server\jvm.dll
0x00007ffb76010000 - 0x00007ffb76018000 	C:\WINDOWS\System32\PSAPI.DLL
0x00007ffb6ecc0000 - 0x00007ffb6ecc9000 	C:\WINDOWS\SYSTEM32\WSOCK32.dll
0x00007ffb5fa60000 - 0x00007ffb5fa87000 	C:\WINDOWS\SYSTEM32\WINMM.dll
0x00007ffb76c30000 - 0x00007ffb76c9b000 	C:\WINDOWS\System32\WS2_32.dll
0x00007ffb73290000 - 0x00007ffb732a2000 	C:\WINDOWS\SYSTEM32\kernel.appcore.dll
0x00007ffb6b860000 - 0x00007ffb6b870000 	C:\Program Files\Java\jdk-11.0.11\bin\verify.dll
0x00007ffb6f3b0000 - 0x00007ffb6f594000 	C:\WINDOWS\SYSTEM32\DBGHELP.DLL
0x00007ffb6f170000 - 0x00007ffb6f1a4000 	C:\WINDOWS\SYSTEM32\dbgcore.DLL
0x00007ffb75690000 - 0x00007ffb75712000 	C:\WINDOWS\System32\bcryptPrimitives.dll
0x00007ffb49970000 - 0x00007ffb49998000 	C:\Program Files\Java\jdk-11.0.11\bin\java.dll
0x00007ffb69f40000 - 0x00007ffb69f4a000 	C:\Program Files\Java\jdk-11.0.11\bin\jimage.dll
0x00007ffb4a890000 - 0x00007ffb4a8a6000 	C:\Program Files\Java\jdk-11.0.11\bin\zip.dll

dbghelp: loaded successfully - version: 4.0.5 - missing functions: none
symbol engine: initialized successfully - sym options: 0x614 - pdb path: .;C:\Program Files\Java\jdk-11.0.11\bin;C:\WINDOWS\SYSTEM32;C:\WINDOWS\WinSxS\amd64_microsoft.windows.common-controls_6595b64144ccf1df_6.0.19041.3570_none_60bb2a3971f3e41a;C:\Program Files (x86)\360\Total Security\safemon;C:\Program Files\Java\jdk-11.0.11\bin\server

VM Arguments:
jvm_args: -Dfile.encoding=windows-1252 -Dstdout.encoding=windows-1252 -Dstderr.encoding=windows-1252 
java_command: com.selenium.demo.SeleniumMethodsDemo4
java_class_path (initial): C:\Users\DELL\Documents\Sep30th Batch\Automation Repos\SeleniumDemoSep30th\target\test-classes;C:\Users\DELL\Documents\Sep30th Batch\Automation Repos\SeleniumDemoSep30th\target\classes;C:\Users\DELL\.m2\repository\org\seleniumhq\selenium\selenium-api\4.15.0\selenium-api-4.15.0.jar;C:\Users\DELL\.m2\repository\org\apache\commons\commons-lang3\3.12.0\commons-lang3-3.12.0.jar;C:\Users\DELL\.m2\repository\org\apache\poi\poi\3.9\poi-3.9.jar;C:\Users\DELL\.m2\repository\commons-codec\commons-codec\1.5\commons-codec-1.5.jar;C:\Users\DELL\.m2\repository\org\apache\poi\poi-ooxml\3.9\poi-ooxml-3.9.jar;C:\Users\DELL\.m2\repository\org\apache\poi\poi-ooxml-schemas\3.9\poi-ooxml-schemas-3.9.jar;C:\Users\DELL\.m2\repository\org\apache\xmlbeans\xmlbeans\2.3.0\xmlbeans-2.3.0.jar;C:\Users\DELL\.m2\repository\stax\stax-api\1.0.1\stax-api-1.0.1.jar;C:\Users\DELL\.m2\repository\dom4j\dom4j\1.6.1\dom4j-1.6.1.jar;C:\Users\DELL\.m2\repository\xml-apis\xml-apis\1.0.b2\xml-apis-1.0.b2.jar;C:\Users\DELL\.m2\repository\org\apache\poi\poi-scratchpad\3.9\poi-scratchpad-3.9.jar;C:\Users\DELL\.m2\repository\org\apache\poi\openxml4j\1.0-beta\openxml4j-1.0-beta.jar;C:\Users\DELL\.m2\repository\log4j\log4j\1.2.8\log4j-1.2.8.jar;C:\Users\DELL\.m2\repository\org\seleniumhq\selenium\selenium-java\4.15.0\selenium-java-4.15.0.jar;C:\Users\DELL\.m2\repository\org\seleniumhq\selenium\selenium-chrome-driver\4.15.0\selenium-chrome-driver-4.15.0.jar;C:\Users\DELL\.m2\repository\com\google\auto\service\auto-service-annotations\1.1.1\auto-service-annotations-1.1.1.jar;C:\Users\DELL\.m2\repository\org\seleniumhq\selenium\selenium-chromium-driver\4.15.0\selenium-chromium-driver-4.15.0.jar;C:\Users\DELL\.m2\repository\org\seleniumhq\selenium\selenium-json\4.15.0\selenium-json-4.15.0.jar;C:\Users\DELL\.m2\repository\org\seleniumhq\selenium\selenium-manager\4.15.0\selenium-manager-4.15.0.jar;C:\Users\DELL\.m2\repository\org\seleniumhq\selenium\selenium-devtools-v117\4.15.0\selenium-devto
Launcher Type: SUN_STANDARD

[Global flags]
     intx CICompilerCount                          = 4                                         {product} {ergonomic}
     uint ConcGCThreads                            = 2                                         {product} {ergonomic}
     uint G1ConcRefinementThreads                  = 8                                         {product} {ergonomic}
   size_t G1HeapRegionSize                         = 1048576                                   {product} {ergonomic}
    uintx GCDrainStackTargetSize                   = 64                                        {product} {ergonomic}
   size_t InitialHeapSize                          = 266338304                                 {product} {ergonomic}
   size_t MarkStackSize                            = 4194304                                   {product} {ergonomic}
   size_t MaxHeapSize                              = 4246732800                                {product} {ergonomic}
   size_t MinHeapDeltaBytes                        = 1048576                                   {product} {ergonomic}
    uintx NonNMethodCodeHeapSize                   = 5836300                                {pd product} {ergonomic}
    uintx NonProfiledCodeHeapSize                  = 122910970                              {pd product} {ergonomic}
    uintx ProfiledCodeHeapSize                     = 122910970                              {pd product} {ergonomic}
    uintx ReservedCodeCacheSize                    = 251658240                              {pd product} {ergonomic}
     bool SegmentedCodeCache                       = true                                      {product} {ergonomic}
     bool UseCompressedClassPointers               = true                                 {lp64_product} {ergonomic}
     bool UseCompressedOops                        = true                                 {lp64_product} {ergonomic}
     bool UseG1GC                                  = true                                      {product} {ergonomic}
     bool UseLargePagesIndividualAllocation        = false                                  {pd product} {ergonomic}

Logging:
Log output configuration:
 #0: stdout all=warning uptime,level,tags
 #1: stderr all=off uptime,level,tags

Environment Variables:
JAVA_HOME=C:\Program Files\Java\jdk-11.0.11
PATH=C:/Users/DELL/.p2/pool/plugins/org.eclipse.justj.openjdk.hotspot.jre.full.win32.x86_64_17.0.8.v20230831-1047/jre/bin/server;C:/Users/DELL/.p2/pool/plugins/org.eclipse.justj.openjdk.hotspot.jre.full.win32.x86_64_17.0.8.v20230831-1047/jre/bin;C:\Program Files\Common Files\Oracle\Java\javapath;C:\WINDOWS\system32;C:\WINDOWS;C:\WINDOWS\System32\Wbem;C:\WINDOWS\System32\WindowsPowerShell\v1.0\;C:\WINDOWS\System32\OpenSSH\;C:\Tools\sonar-scanner-4.7.0.2747-windows\bin;C:\Program Files\Java\jdk-11.0.11;C:\Tools\sonarqube-8.9.10.61524\bin\windows-x86-64;C:\Program Files\Git\cmd;C:\Program Files\dotnet\;C:\Program Files (x86)\Microsoft SQL Server\160\Tools\Binn\;C:\Program Files\Microsoft SQL Server\160\Tools\Binn\;C:\Program Files\Microsoft SQL Server\Client SDK\ODBC\170\Tools\Binn\;C:\Program Files\Microsoft SQL Server\160\DTS\Binn\;C:\Users\DELL\AppData\Local\Programs\Python\Python311\Scripts\;C:\Users\DELL\AppData\Local\Programs\Python\Python311\;C:\Users\DELL\AppData\Local\Microsoft\WindowsApps;C:\Program Files\Java\jdk-11.0.11\bin;C:\Maven\apache-maven-3.8.4\bin;C:\Users\DELL\.dotnet\tools;C:\Program Files\JetBrains\PyCharm 2023.1.3\bin;;C:\Program Files\JetBrains\PyCharm Community Edition 2023.1.3\bin;;C:\bharathvscode\Microsoft VS Code\bin;C:\WINDOWS\System32;
USERNAME=DELL
OS=Windows_NT
PROCESSOR_IDENTIFIER=Intel64 Family 6 Model 142 Stepping 12, GenuineIntel



---------------  S Y S T E M  ---------------

OS: Windows 10 , 64 bit Build 19041 (10.0.19041.3570)

CPU:total 8 (initial active 8) (4 cores per cpu, 2 threads per core) family 6 model 142 stepping 12 microcode 0xb8, cmov, cx8, fxsr, mmx, sse, sse2, sse3, ssse3, sse4.1, sse4.2, popcnt, avx, avx2, aes, clmul, erms, rtm, 3dnowpref, lzcnt, ht, tsc, tscinvbit, bmi1, bmi2, adx, fma

Memory: 4k page, system-wide physical 16194M (6536M free)
TotalPageFile size 20170M (AvailPageFile size 231M)
current process WorkingSet (physical memory assigned to process): 11M, peak: 11M
current process commit charge ("private bytes"): 61M, peak: 315M

vm_info: Java HotSpot(TM) 64-Bit Server VM (11.0.11+9-LTS-194) for windows-amd64 JRE (11.0.11+9-LTS-194), built on Mar 18 2021 18:46:53 by "mach5one" with MS VC++ 15.9 (VS2017)

END.
